Godot Engine v3.4.2.stable.official.45eaa2daf - https://godotengine.org
OpenGL ES 3.0 Renderer: AMD Radeon R7 Graphics
OpenGL ES Batching: ON
 
Pythonscript 0.50.0 (CPython 3.8.5.final.0)
WARNING: Case mismatch opening requested file 'Journal.png.import', stored as 'journal.png.import' in the filesystem. This file will not open when exported to other case-sensitive platforms.
   at: _open (drivers/windows/file_access_windows.cpp:102) - Case mismatch opening requested file 'Journal.png.import', stored as 'journal.png.import' in the filesystem. This file will not open when exported to other case-sensitive platforms.
WARNING: Case mismatch opening requested file 'Journal.png.import', stored as 'journal.png.import' in the filesystem. This file will not open when exported to other case-sensitive platforms.
   at: _open (drivers/windows/file_access_windows.cpp:102) - Case mismatch opening requested file 'Journal.png.import', stored as 'journal.png.import' in the filesystem. This file will not open when exported to other case-sensitive platforms.
ERROR: There is no animation with name 'New Anim'.
   at: set_animation (scene/2d/animated_sprite.cpp:630) - Condition "frames->get_animation_names().find(p_animation) == -1" is true.
ERROR: There is no animation with name 'New Anim'.
   at: set_animation (scene/2d/animated_sprite.cpp:630) - Condition "frames->get_animation_names().find(p_animation) == -1" is true.
Using cache found in C:\Users\Bruno-PC/.cache\torch\hub\snakers4_silero-models_master
im here
Using cache found in C:\Users\Bruno-PC/.cache\torch\hub\snakers4_silero-models_master
Using cache found in C:\Users\Bruno-PC/.cache\torch\hub\snakers4_silero-models_master
setting language
Using cache found in C:\Users\Bruno-PC/.cache\torch\hub\snakers4_silero-models_master
ERROR: Error calling method from signal 'finished': 'Control(MusicControler.gd)::_on_BaseMelody_finished': Method not found..
   at: emit_signal (core/object.cpp:1236) - Error calling method from signal 'finished': 'Control(MusicControler.gd)::_on_BaseMelody_finished': Method not found..
Input device selected: Microphone (Realtek High Definition Audio)
File saved in: res://backend/talk_interactions/stt/record.wav
C:\Users\Bruno-PC\Documents\GameDev\demo\game-boss\Godot\addons\pythonscript\windows-64\lib\site-packages\torch\nn\modules\module.py:1051: UserWarning: stft will soon require the return_complex parameter be given for real inputs, and will further require that return_complex=True in a future PyTorch release. (Triggered internally at  ..\aten\src\ATen\native\SpectralOps.cpp:664.)
  return forward_call(*input, **kwargs)
colala
WARNING: A Thread object has been re-started without wait_to_finish() having been called on it. Please do so to ensure correct cleanup of the thread.
   at: start (core/os/thread.cpp:87) - A Thread object has been re-started without wait_to_finish() having been called on it. Please do so to ensure correct cleanup of the thread.
File saved in: res://backend/talk_interactions/stt/record.wav
continuar
